error t=2017-02-26T14:05:14.528Z Cinnamon Software Rendering mode enabled
info t=2017-02-26T14:05:15.655Z Cinnamon.AppSystem.get_default() started in 1113 ms
info t=2017-02-26T14:05:15.692Z loading user theme: /usr/share/themes/Arc-Dark/cinnamon/cinnamon.css
info t=2017-02-26T14:05:15.804Z added icon directory: /usr/share/themes/Arc-Dark/cinnamon
info t=2017-02-26T14:05:16.114Z PlacesManager: Updating devices
info t=2017-02-26T14:05:16.234Z loaded at Sun Feb 26 2017 15:05:16 GMT+0100 (CET)
info t=2017-02-26T14:05:16.323Z Installing settings for menu@cinnamon.org
info t=2017-02-26T14:05:16.324Z Settings successfully installed for menu@cinnamon.org
info t=2017-02-26T14:05:17.838Z Loaded applet menu@cinnamon.org in 1590 ms
info t=2017-02-26T14:05:17.877Z Installing settings for show-desktop@cinnamon.org
info t=2017-02-26T14:05:17.877Z Settings successfully installed for show-desktop@cinnamon.org
info t=2017-02-26T14:05:17.901Z Loaded applet show-desktop@cinnamon.org in 57 ms
info t=2017-02-26T14:05:17.958Z Installing settings for panel-launchers@cinnamon.org
info t=2017-02-26T14:05:17.959Z Settings successfully installed for panel-launchers@cinnamon.org
info t=2017-02-26T14:05:18.038Z Role locked: panellauncher
info t=2017-02-26T14:05:18.043Z Loaded applet panel-launchers@cinnamon.org in 134 ms
info t=2017-02-26T14:05:18.100Z Installing settings for window-list@cinnamon.org
info t=2017-02-26T14:05:18.100Z Settings successfully installed for window-list@cinnamon.org
info t=2017-02-26T14:05:18.121Z Loaded applet window-list@cinnamon.org in 73 ms
info t=2017-02-26T14:05:18.206Z Installing settings for notifications@cinnamon.org
info t=2017-02-26T14:05:18.207Z Settings successfully installed for notifications@cinnamon.org
info t=2017-02-26T14:05:18.214Z Role locked: notifications
info t=2017-02-26T14:05:18.244Z Loaded applet notifications@cinnamon.org in 115 ms
info t=2017-02-26T14:05:18.309Z Installing settings for user@cinnamon.org
info t=2017-02-26T14:05:18.310Z Settings successfully installed for user@cinnamon.org
info t=2017-02-26T14:05:18.381Z Loaded applet user@cinnamon.org in 128 ms
info t=2017-02-26T14:05:18.468Z Loaded applet removable-drives@cinnamon.org in 75 ms
info t=2017-02-26T14:05:18.598Z Loaded applet keyboard@cinnamon.org in 122 ms
info t=2017-02-26T14:05:18.909Z Loaded applet network@cinnamon.org in 305 ms
info t=2017-02-26T14:05:18.985Z Installing settings for sound@cinnamon.org
info t=2017-02-26T14:05:18.985Z Settings successfully installed for sound@cinnamon.org
info t=2017-02-26T14:05:19.169Z Loaded applet sound@cinnamon.org in 252 ms
info t=2017-02-26T14:05:19.228Z Installing settings for power@cinnamon.org
info t=2017-02-26T14:05:19.228Z Settings successfully installed for power@cinnamon.org
info t=2017-02-26T14:05:19.297Z Loaded applet power@cinnamon.org in 116 ms
info t=2017-02-26T14:05:19.358Z Loaded applet systray@cinnamon.org in 48 ms
info t=2017-02-26T14:05:19.421Z Installing settings for calendar@cinnamon.org
info t=2017-02-26T14:05:19.421Z Settings successfully installed for calendar@cinnamon.org
info t=2017-02-26T14:05:19.481Z Loaded applet calendar@cinnamon.org in 117 ms
info t=2017-02-26T14:05:19.538Z Loaded applet windows-quick-list@cinnamon.org in 42 ms
info t=2017-02-26T14:05:19.543Z AppletManager.init() started in 3304 ms
info t=2017-02-26T14:05:19.632Z Cinnamon took 5120 ms to start
info t=2017-02-26T14:05:23.427Z Hiding systray: network
